#! /c/Source/iverilog-install/bin/vvp
:ivl_version "12.0 (devel)" "(s20150603-1539-g2693dd32b)";
:ivl_delay_selection "TYPICAL";
:vpi_time_precision - 12;
:vpi_module "C:\iverilog\lib\ivl\system.vpi";
:vpi_module "C:\iverilog\lib\ivl\vhdl_sys.vpi";
:vpi_module "C:\iverilog\lib\ivl\vhdl_textio.vpi";
:vpi_module "C:\iverilog\lib\ivl\v2005_math.vpi";
:vpi_module "C:\iverilog\lib\ivl\va_math.vpi";
:vpi_module "C:\iverilog\lib\ivl\v2009.vpi";
S_000001813694faa0 .scope package, "$unit" "$unit" 2 1;
 .timescale 0 0;
S_000001813694fc30 .scope module, "tb_smart_home_top" "tb_smart_home_top" 3 3;
 .timescale -9 -12;
v00000181369c08c0_0 .net "ac", 0 0, v00000181368fddd0_0;  1 drivers
v00000181369c20c0_0 .net "alarm", 0 0, v00000181368fde70_0;  1 drivers
v00000181369c32e0_0 .var "clk", 0 0;
v00000181369c3ce0_0 .var "door_open", 0 0;
v00000181369c3420_0 .net "fan", 0 0, v00000181369c0820_0;  1 drivers
v00000181369c25c0_0 .net "light", 0 0, v00000181369c0a00_0;  1 drivers
v00000181369c3740_0 .var "light_sensor", 0 0;
v00000181369c2ac0_0 .var "manual_override", 0 0;
v00000181369c2520_0 .var "motion", 0 0;
v00000181369c3920_0 .var "reset", 0 0;
v00000181369c3e20_0 .var "temp_high", 0 0;
S_0000018136959fa0 .scope module, "uut" "smart_home_top" 3 10, 4 6 0, S_000001813694fc30;
 .timescale -9 -12;
    .port_info 0 /INPUT 1 "clk";
    .port_info 1 /INPUT 1 "reset";
    .port_info 2 /INPUT 1 "motion";
    .port_info 3 /INPUT 1 "light_sensor";
    .port_info 4 /INPUT 1 "temp_high";
    .port_info 5 /INPUT 1 "door_open";
    .port_info 6 /INPUT 1 "manual_override";
    .port_info 7 /OUTPUT 1 "light";
    .port_info 8 /OUTPUT 1 "fan";
    .port_info 9 /OUTPUT 1 "ac";
    .port_info 10 /OUTPUT 1 "alarm";
v00000181369c0960_0 .net "ac", 0 0, v00000181368fddd0_0;  alias, 1 drivers
v00000181369c03c0_0 .net "alarm", 0 0, v00000181368fde70_0;  alias, 1 drivers
v00000181369c0be0_0 .net "clk", 0 0, v00000181369c32e0_0;  1 drivers
v00000181369c0460_0 .net "door_open", 0 0, v00000181369c3ce0_0;  1 drivers
v00000181369c0780_0 .net "fan", 0 0, v00000181369c0820_0;  alias, 1 drivers
v00000181369c0c80_0 .net "light", 0 0, v00000181369c0a00_0;  alias, 1 drivers
v00000181369c0b40_0 .net "light_sensor", 0 0, v00000181369c3740_0;  1 drivers
v00000181369c06e0_0 .net "manual_override", 0 0, v00000181369c2ac0_0;  1 drivers
v00000181369c0d20_0 .net "motion", 0 0, v00000181369c2520_0;  1 drivers
v00000181369c0500_0 .net "reset", 0 0, v00000181369c3920_0;  1 drivers
v00000181369c0e60_0 .net "state", 2 0, L_0000018136961260;  1 drivers
v00000181369c05a0_0 .net "temp_high", 0 0, v00000181369c3e20_0;  1 drivers
v00000181369c0640_0 .net "timer_done", 0 0, v00000181369c0aa0_0;  1 drivers
S_000001813695a130 .scope module, "u_fsm" "fsm_controller" 4 26, 4 62 0, S_0000018136959fa0;
 .timescale -9 -12;
    .port_info 0 /INPUT 1 "clk";
    .port_info 1 /INPUT 1 "reset";
    .port_info 2 /INPUT 1 "motion";
    .port_info 3 /INPUT 1 "door_open";
    .port_info 4 /INPUT 1 "manual_override";
    .port_info 5 /INPUT 1 "timer_done";
    .port_info 6 /OUTPUT 3 "state";
enum0000018136960a50 .enum4 (3)
   "IDLE" 3'b000,
   "ACTIVE" 3'b001,
   "ENERGY_SAVE" 3'b010,
   "SECURITY_ALERT" 3'b011,
   "MANUAL_MODE" 3'b100
 ;
L_0000018136961260 .functor BUFZ 3, v000001813695a360_0, C4<000>, C4<000>, C4<000>;
v000001813695a2c0_0 .net "clk", 0 0, v00000181369c32e0_0;  alias, 1 drivers
v000001813695a360_0 .var "current_state", 2 0;
v000001813694fdc0_0 .net "door_open", 0 0, v00000181369c3ce0_0;  alias, 1 drivers
v000001813694fe60_0 .net "manual_override", 0 0, v00000181369c2ac0_0;  alias, 1 drivers
v00000181368fdab0_0 .net "motion", 0 0, v00000181369c2520_0;  alias, 1 drivers
v00000181368fdb50_0 .var "next_state", 2 0;
v00000181368fdbf0_0 .net "reset", 0 0, v00000181369c3920_0;  alias, 1 drivers
v00000181368fdc90_0 .net "state", 2 0, L_0000018136961260;  alias, 1 drivers
v00000181368fdd30_0 .net "timer_done", 0 0, v00000181369c0aa0_0;  alias, 1 drivers
E_000001813696b700 .event posedge, v00000181368fdbf0_0, v000001813695a2c0_0;
E_000001813696bcc0/0 .event anyedge, v000001813695a360_0, v000001813694fe60_0, v000001813694fdc0_0, v00000181368fdab0_0;
E_000001813696bcc0/1 .event anyedge, v00000181368fdd30_0;
E_000001813696bcc0 .event/or E_000001813696bcc0/0, E_000001813696bcc0/1;
S_00000181368f6b90 .scope module, "u_out" "output_logic" 4 45, 4 174 0, S_0000018136959fa0;
 .timescale -9 -12;
    .port_info 0 /INPUT 3 "state";
    .port_info 1 /INPUT 1 "motion";
    .port_info 2 /INPUT 1 "light_sensor";
    .port_info 3 /INPUT 1 "temp_high";
    .port_info 4 /OUTPUT 1 "light";
    .port_info 5 /OUTPUT 1 "fan";
    .port_info 6 /OUTPUT 1 "ac";
    .port_info 7 /OUTPUT 1 "alarm";
enum0000018136962ec0 .enum4 (3)
   "IDLE" 3'b000,
   "ACTIVE" 3'b001,
   "ENERGY_SAVE" 3'b010,
   "SECURITY_ALERT" 3'b011,
   "MANUAL_MODE" 3'b100
 ;
v00000181368fddd0_0 .var "ac", 0 0;
v00000181368fde70_0 .var "alarm", 0 0;
v00000181369c0820_0 .var "fan", 0 0;
v00000181369c0a00_0 .var "light", 0 0;
v00000181369bff60_0 .net "light_sensor", 0 0, v00000181369c3740_0;  alias, 1 drivers
v00000181369c01e0_0 .net "motion", 0 0, v00000181369c2520_0;  alias, 1 drivers
v00000181369c0140_0 .net "state", 2 0, L_0000018136961260;  alias, 1 drivers
v00000181369c0dc0_0 .net "temp_high", 0 0, v00000181369c3e20_0;  alias, 1 drivers
E_000001813696ba00 .event anyedge, v00000181368fdc90_0, v00000181368fdab0_0, v00000181369bff60_0, v00000181369c0dc0_0;
S_00000181368f6d20 .scope module, "u_timer" "timer_counter" 4 37, 4 137 0, S_0000018136959fa0;
 .timescale -9 -12;
    .port_info 0 /INPUT 1 "clk";
    .port_info 1 /INPUT 1 "reset";
    .port_info 2 /INPUT 1 "motion";
    .port_info 3 /OUTPUT 1 "timer_done";
P_000001813696b380 .param/l "COUNT_MAX" 0 4 138, +C4<00000000000000000000000000001010>;
v00000181369c0000_0 .net "clk", 0 0, v00000181369c32e0_0;  alias, 1 drivers
v00000181369c00a0_0 .var "count", 4 0;
v00000181369c0280_0 .net "motion", 0 0, v00000181369c2520_0;  alias, 1 drivers
v00000181369c0320_0 .net "reset", 0 0, v00000181369c3920_0;  alias, 1 drivers
v00000181369c0aa0_0 .var "timer_done", 0 0;
    .scope S_000001813695a130;
T_0 ;
Ewait_0 .event/or E_000001813696bcc0, E_0x0;
    %wait Ewait_0;
    %load/vec4 v000001813695a360_0;
    %store/vec4 v00000181368fdb50_0, 0, 3;
    %load/vec4 v000001813695a360_0;
    %dup/vec4;
    %pushi/vec4 0, 0, 3;
    %cmp/u;
    %jmp/1 T_0.0, 6;
    %dup/vec4;
    %pushi/vec4 1, 0, 3;
    %cmp/u;
    %jmp/1 T_0.1, 6;
    %dup/vec4;
    %pushi/vec4 2, 0, 3;
    %cmp/u;
    %jmp/1 T_0.2, 6;
    %dup/vec4;
    %pushi/vec4 3, 0, 3;
    %cmp/u;
    %jmp/1 T_0.3, 6;
    %dup/vec4;
    %pushi/vec4 4, 0, 3;
    %cmp/u;
    %jmp/1 T_0.4, 6;
    %pushi/vec4 0, 0, 3;
    %store/vec4 v00000181368fdb50_0, 0, 3;
    %jmp T_0.6;
T_0.0 ;
    %load/vec4 v000001813694fe60_0;
    %flag_set/vec4 8;
    %jmp/0xz  T_0.7, 8;
    %pushi/vec4 4, 0, 3;
    %store/vec4 v00000181368fdb50_0, 0, 3;
    %jmp T_0.8;
T_0.7 ;
    %load/vec4 v000001813694fdc0_0;
    %flag_set/vec4 8;
    %jmp/0xz  T_0.9, 8;
    %pushi/vec4 3, 0, 3;
    %store/vec4 v00000181368fdb50_0, 0, 3;
    %jmp T_0.10;
T_0.9 ;
    %load/vec4 v00000181368fdab0_0;
    %flag_set/vec4 8;
    %jmp/0xz  T_0.11, 8;
    %pushi/vec4 1, 0, 3;
    %store/vec4 v00000181368fdb50_0, 0, 3;
T_0.11 ;
T_0.10 ;
T_0.8 ;
    %jmp T_0.6;
T_0.1 ;
    %load/vec4 v000001813694fe60_0;
    %flag_set/vec4 8;
    %jmp/0xz  T_0.13, 8;
    %pushi/vec4 4, 0, 3;
    %store/vec4 v00000181368fdb50_0, 0, 3;
    %jmp T_0.14;
T_0.13 ;
    %load/vec4 v000001813694fdc0_0;
    %flag_set/vec4 8;
    %jmp/0xz  T_0.15, 8;
    %pushi/vec4 3, 0, 3;
    %store/vec4 v00000181368fdb50_0, 0, 3;
    %jmp T_0.16;
T_0.15 ;
    %load/vec4 v00000181368fdab0_0;
    %nor/r;
    %flag_set/vec4 9;
    %flag_get/vec4 9;
    %jmp/0 T_0.19, 9;
    %load/vec4 v00000181368fdd30_0;
    %and;
T_0.19;
    %flag_set/vec4 8;
    %jmp/0xz  T_0.17, 8;
    %pushi/vec4 2, 0, 3;
    %store/vec4 v00000181368fdb50_0, 0, 3;
T_0.17 ;
T_0.16 ;
T_0.14 ;
    %jmp T_0.6;
T_0.2 ;
    %load/vec4 v000001813694fe60_0;
    %flag_set/vec4 8;
    %jmp/0xz  T_0.20, 8;
    %pushi/vec4 4, 0, 3;
    %store/vec4 v00000181368fdb50_0, 0, 3;
    %jmp T_0.21;
T_0.20 ;
    %load/vec4 v000001813694fdc0_0;
    %flag_set/vec4 8;
    %jmp/0xz  T_0.22, 8;
    %pushi/vec4 3, 0, 3;
    %store/vec4 v00000181368fdb50_0, 0, 3;
    %jmp T_0.23;
T_0.22 ;
    %load/vec4 v00000181368fdab0_0;
    %flag_set/vec4 8;
    %jmp/0xz  T_0.24, 8;
    %pushi/vec4 1, 0, 3;
    %store/vec4 v00000181368fdb50_0, 0, 3;
T_0.24 ;
T_0.23 ;
T_0.21 ;
    %jmp T_0.6;
T_0.3 ;
    %load/vec4 v000001813694fe60_0;
    %flag_set/vec4 8;
    %jmp/0xz  T_0.26, 8;
    %pushi/vec4 4, 0, 3;
    %store/vec4 v00000181368fdb50_0, 0, 3;
    %jmp T_0.27;
T_0.26 ;
    %load/vec4 v000001813694fdc0_0;
    %nor/r;
    %flag_set/vec4 8;
    %jmp/0xz  T_0.28, 8;
    %pushi/vec4 0, 0, 3;
    %store/vec4 v00000181368fdb50_0, 0, 3;
T_0.28 ;
T_0.27 ;
    %jmp T_0.6;
T_0.4 ;
    %load/vec4 v000001813694fe60_0;
    %nor/r;
    %flag_set/vec4 8;
    %jmp/0xz  T_0.30, 8;
    %pushi/vec4 0, 0, 3;
    %store/vec4 v00000181368fdb50_0, 0, 3;
T_0.30 ;
    %jmp T_0.6;
T_0.6 ;
    %pop/vec4 1;
    %jmp T_0;
    .thread T_0, $push;
    .scope S_000001813695a130;
T_1 ;
    %wait E_000001813696b700;
    %load/vec4 v00000181368fdbf0_0;
    %flag_set/vec4 8;
    %jmp/0xz  T_1.0, 8;
    %pushi/vec4 0, 0, 3;
    %assign/vec4 v000001813695a360_0, 0;
    %jmp T_1.1;
T_1.0 ;
    %load/vec4 v00000181368fdb50_0;
    %assign/vec4 v000001813695a360_0, 0;
T_1.1 ;
    %jmp T_1;
    .thread T_1;
    .scope S_00000181368f6d20;
T_2 ;
    %wait E_000001813696b700;
    %load/vec4 v00000181369c0320_0;
    %flag_set/vec4 8;
    %jmp/0xz  T_2.0, 8;
    %pushi/vec4 0, 0, 5;
    %assign/vec4 v00000181369c00a0_0, 0;
    %pushi/vec4 0, 0, 1;
    %assign/vec4 v00000181369c0aa0_0, 0;
    %jmp T_2.1;
T_2.0 ;
    %load/vec4 v00000181369c0280_0;
    %nor/r;
    %flag_set/vec4 8;
    %jmp/0xz  T_2.2, 8;
    %load/vec4 v00000181369c00a0_0;
    %pad/u 32;
    %cmpi/u 10, 0, 32;
    %jmp/0xz  T_2.4, 5;
    %load/vec4 v00000181369c00a0_0;
    %addi 1, 0, 5;
    %assign/vec4 v00000181369c00a0_0, 0;
    %jmp T_2.5;
T_2.4 ;
    %pushi/vec4 1, 0, 1;
    %assign/vec4 v00000181369c0aa0_0, 0;
T_2.5 ;
    %jmp T_2.3;
T_2.2 ;
    %pushi/vec4 0, 0, 5;
    %assign/vec4 v00000181369c00a0_0, 0;
    %pushi/vec4 0, 0, 1;
    %assign/vec4 v00000181369c0aa0_0, 0;
T_2.3 ;
T_2.1 ;
    %jmp T_2;
    .thread T_2;
    .scope S_00000181368f6b90;
T_3 ;
Ewait_1 .event/or E_000001813696ba00, E_0x0;
    %wait Ewait_1;
    %pushi/vec4 0, 0, 1;
    %store/vec4 v00000181369c0a00_0, 0, 1;
    %pushi/vec4 0, 0, 1;
    %store/vec4 v00000181369c0820_0, 0, 1;
    %pushi/vec4 0, 0, 1;
    %store/vec4 v00000181368fddd0_0, 0, 1;
    %pushi/vec4 0, 0, 1;
    %store/vec4 v00000181368fde70_0, 0, 1;
    %load/vec4 v00000181369c0140_0;
    %dup/vec4;
    %pushi/vec4 1, 0, 3;
    %cmp/u;
    %jmp/1 T_3.0, 6;
    %dup/vec4;
    %pushi/vec4 3, 0, 3;
    %cmp/u;
    %jmp/1 T_3.1, 6;
    %dup/vec4;
    %pushi/vec4 4, 0, 3;
    %cmp/u;
    %jmp/1 T_3.2, 6;
    %jmp T_3.4;
T_3.0 ;
    %load/vec4 v00000181369c01e0_0;
    %flag_set/vec4 9;
    %flag_get/vec4 9;
    %jmp/0 T_3.7, 9;
    %load/vec4 v00000181369bff60_0;
    %nor/r;
    %and;
T_3.7;
    %flag_set/vec4 8;
    %jmp/0xz  T_3.5, 8;
    %pushi/vec4 1, 0, 1;
    %store/vec4 v00000181369c0a00_0, 0, 1;
T_3.5 ;
    %load/vec4 v00000181369c0dc0_0;
    %flag_set/vec4 8;
    %jmp/0xz  T_3.8, 8;
    %pushi/vec4 1, 0, 1;
    %store/vec4 v00000181369c0820_0, 0, 1;
    %pushi/vec4 1, 0, 1;
    %store/vec4 v00000181368fddd0_0, 0, 1;
T_3.8 ;
    %jmp T_3.4;
T_3.1 ;
    %pushi/vec4 1, 0, 1;
    %store/vec4 v00000181368fde70_0, 0, 1;
    %jmp T_3.4;
T_3.2 ;
    %pushi/vec4 1, 0, 1;
    %store/vec4 v00000181369c0a00_0, 0, 1;
    %pushi/vec4 1, 0, 1;
    %store/vec4 v00000181369c0820_0, 0, 1;
    %pushi/vec4 1, 0, 1;
    %store/vec4 v00000181368fddd0_0, 0, 1;
    %jmp T_3.4;
T_3.4 ;
    %pop/vec4 1;
    %jmp T_3;
    .thread T_3, $push;
    .scope S_000001813694fc30;
T_4 ;
    %delay 5000, 0;
    %load/vec4 v00000181369c32e0_0;
    %inv;
    %store/vec4 v00000181369c32e0_0, 0, 1;
    %jmp T_4;
    .thread T_4;
    .scope S_000001813694fc30;
T_5 ;
    %vpi_call/w 3 28 "$dumpfile", "wave.vcd" {0 0 0};
    %vpi_call/w 3 29 "$dumpvars", 32'sb00000000000000000000000000000000, S_000001813694fc30 {0 0 0};
    %pushi/vec4 0, 0, 1;
    %store/vec4 v00000181369c32e0_0, 0, 1;
    %pushi/vec4 1, 0, 1;
    %store/vec4 v00000181369c3920_0, 0, 1;
    %pushi/vec4 0, 0, 1;
    %store/vec4 v00000181369c2520_0, 0, 1;
    %pushi/vec4 1, 0, 1;
    %store/vec4 v00000181369c3740_0, 0, 1;
    %pushi/vec4 0, 0, 1;
    %store/vec4 v00000181369c3e20_0, 0, 1;
    %pushi/vec4 0, 0, 1;
    %store/vec4 v00000181369c3ce0_0, 0, 1;
    %pushi/vec4 0, 0, 1;
    %store/vec4 v00000181369c2ac0_0, 0, 1;
    %delay 10000, 0;
    %pushi/vec4 0, 0, 1;
    %store/vec4 v00000181369c3920_0, 0, 1;
    %delay 10000, 0;
    %pushi/vec4 1, 0, 1;
    %store/vec4 v00000181369c2520_0, 0, 1;
    %pushi/vec4 0, 0, 1;
    %store/vec4 v00000181369c3740_0, 0, 1;
    %delay 20000, 0;
    %pushi/vec4 1, 0, 1;
    %store/vec4 v00000181369c3e20_0, 0, 1;
    %delay 20000, 0;
    %pushi/vec4 0, 0, 1;
    %store/vec4 v00000181369c2520_0, 0, 1;
    %delay 120000, 0;
    %pushi/vec4 1, 0, 1;
    %store/vec4 v00000181369c3ce0_0, 0, 1;
    %delay 20000, 0;
    %pushi/vec4 1, 0, 1;
    %store/vec4 v00000181369c2ac0_0, 0, 1;
    %delay 20000, 0;
    %pushi/vec4 0, 0, 1;
    %store/vec4 v00000181369c2ac0_0, 0, 1;
    %pushi/vec4 0, 0, 1;
    %store/vec4 v00000181369c3ce0_0, 0, 1;
    %delay 40000, 0;
    %vpi_call/w 3 70 "$finish" {0 0 0};
    %end;
    .thread T_5;
# The file index is used to find the file name in the following table.
:file_names 5;
    "N/A";
    "<interactive>";
    "-";
    "testbench.sv";
    "design.sv";
